create 2 4 33204 3
aa-0
write 3 4 0 0

create 2 4 33204 4
aa-1
write 4 4 0 1
1 
create 2 4 33204 5
aa-2
write 5 4 0 1
2 
create 2 4 33204 6
aa-3
write 6 4 0 1
3 
create 2 4 33204 7
aa-4
write 7 4 0 1
4 
create 2 4 33204 8
aa-5
write 8 4 0 1
5 
create 2 4 33204 9
aa-6
write 9 4 0 1
6 
create 2 4 33204 10
aa-7
write 10 4 0 1
7 
create 2 4 33204 11
aa-8
write 11 4 0 1
8 
create 2 4 33204 12
aa-9
write 12 4 0 1
9 
create 2 4 33204 13
bb-0
write 13 4 0 0

create 2 4 33204 14
bb-1
write 14 4 0 1
1 
create 2 4 33204 15
bb-2
write 15 4 0 1
2 
create 2 4 33204 16
bb-3
write 16 4 0 1
3 
create 2 4 33204 17
bb-4
write 17 4 0 1
4 
create 2 4 33204 18
bb-5
write 18 4 0 1
5 
create 2 4 33204 19
bb-6
write 19 4 0 1
6 
create 2 4 33204 20
bb-7
write 20 4 0 1
7 
create 2 4 33204 21
bb-8
write 21 4 0 1
8 
create 2 4 33204 22
bb-9
write 22 4 0 1
9 
