LOOKUP 1 -2
LOOKUP 1 -1
LOOKUP 1 -2
LOOKUP 1 -1
LOOKUP 1 -2
LOOKUP 1 -1
READDIR 1 -2
READDIR 1 -1
READDIR 1 -2
READDIR 1 -1
LOOKUP 1 -2
LOOKUP 1 -1
LOOKUP 1 -2
LOOKUP 1 -1
LOOKUP 1 -2
LOOKUP 1 -1
LOOKUP 1 -2
LOOKUP 1 -1
LOOKUP 1 -2
LOOKUP 1 -1
LOOKUP 1 -2
LOOKUP 1 -1
READDIR 1 -2
READDIR 1 -1
READDIR 1 -2
READDIR 1 -1
READDIR 1 -2
READDIR 1 -1
LOOKUP 1 -2
LOOKUP 1 -1
LOOKUP 1 -2
LOOKUP 1 -1
LOOKUP 1 -2
LOOKUP 1 -1
LOOKUP 1 -2
LOOKUP 1 -1
LOOKUP 1 -2
LOOKUP 1 -1
READDIR 1 -2
READDIR 1 -1
READDIR 1 -2
READDIR 1 -1
READDIR 1 -2
READDIR 1 -1
LOOKUP 1 -2
LOOKUP 1 -1
LOOKUP 1 -2
LOOKUP 1 -1
LOOKUP 1 -2
LOOKUP 1 -1
LOOKUP 1 -2
LOOKUP 1 -1
LOOKUP 1 -2
LOOKUP 1 -1
READDIR 1 -2
READDIR 1 -1
READDIR 1 -2
READDIR 1 -1
READDIR 1 -2
READDIR 1 -1
LOOKUP 1 -2
LOOKUP 1 -1
LOOKUP 1 -2
LOOKUP 1 -1
LOOKUP 1 -2
LOOKUP 1 -1
LOOKUP 1 -2
LOOKUP 1 -1
LOOKUP 1 -2
LOOKUP 1 -1
READDIR 1 -2
READDIR 1 -1
READDIR 1 -2
READDIR 1 -1
READDIR 1 -2
READDIR 1 -1
LOOKUP 1 -2
LOOKUP 1 -1
LOOKUP 1 -2
LOOKUP 1 -1
LOOKUP 1 -2
LOOKUP 1 -1
LOOKUP 1 -2
LOOKUP 1 -1
LOOKUP 1 -2
LOOKUP 1 -1
READDIR 1 -2
READDIR 1 -1
READDIR 1 -2
READDIR 1 -1
READDIR 1 -2
READDIR 1 -1
LOOKUP 1 -2
LOOKUP 1 -1
LOOKUP 1 -2
LOOKUP 1 -1
LOOKUP 1 -2
LOOKUP 1 -1
LOOKUP 1 -2
LOOKUP 1 -1
LOOKUP 1 -2
LOOKUP 1 -1
READDIR 1 -2
READDIR 1 -1
READDIR 1 -2
READDIR 1 -1
READDIR 1 -2
READDIR 1 -1
LOOKUP 1 -2
LOOKUP 1 -1
LOOKUP 1 -2
LOOKUP 1 -1
LOOKUP 1 -2
LOOKUP 1 -1
LOOKUP 1 -2
LOOKUP 1 -1
LOOKUP 1 -2
LOOKUP 1 -1
READDIR 1 -2
READDIR 1 -1
READDIR 1 -2
READDIR 1 -1
READDIR 1 -2
READDIR 1 -1
LOOKUP 1 -2
LOOKUP 1 -1
LOOKUP 1 -2
LOOKUP 1 -1
LOOKUP 1 -2
LOOKUP 1 -1
LOOKUP 1 -2
LOOKUP 1 -1
LOOKUP 1 -2
LOOKUP 1 -1
READDIR 1 -2
READDIR 1 -1
READDIR 1 -2
READDIR 1 -1
READDIR 1 -2
READDIR 1 -1
LOOKUP 1 -2
LOOKUP 1 -1
LOOKUP 1 -2
LOOKUP 1 -1
LOOKUP 1 -2
LOOKUP 1 -1
LOOKUP 1 -2
LOOKUP 1 -1
LOOKUP 1 -2
LOOKUP 1 -1
READDIR 1 -2
READDIR 1 -1
READDIR 1 -2
READDIR 1 -1
READDIR 1 -2
READDIR 1 -1
LOOKUP 1 -2
LOOKUP 1 -1
LOOKUP 1 -2
LOOKUP 1 -1
LOOKUP 1 -2
LOOKUP 1 -1
LOOKUP 1 -2
LOOKUP 1 -1
LOOKUP 1 -2
LOOKUP 1 -1
READDIR 1 -2
READDIR 1 -1
READDIR 1 -2
READDIR 1 -1
READDIR 1 -2
READDIR 1 -1
LOOKUP 1 -2
LOOKUP 1 -1
LOOKUP 1 -2
LOOKUP 1 -1
LOOKUP 1 -2
LOOKUP 1 -1
LOOKUP 1 -2
LOOKUP 1 -1
LOOKUP 1 -2
LOOKUP 1 -1
READDIR 1 -2
READDIR 1 -1
READDIR 1 -2
READDIR 1 -1
READDIR 1 -2
READDIR 1 -1
LOOKUP 1 -2
LOOKUP 1 -1
LOOKUP 1 -2
LOOKUP 1 -1
LOOKUP 1 -2
LOOKUP 1 -1
LOOKUP 1 -2
LOOKUP 1 -1
LOOKUP 1 -2
LOOKUP 1 -1
READDIR 1 -2
READDIR 1 -1
READDIR 1 -2
READDIR 1 -1
READDIR 1 -2
READDIR 1 -1
LOOKUP 1 -2
LOOKUP 1 -1
LOOKUP 1 -2
LOOKUP 1 -1
LOOKUP 1 -2
LOOKUP 1 -1
LOOKUP 1 -2
LOOKUP 1 -1
LOOKUP 1 -2
LOOKUP 1 -1
READDIR 1 -2
READDIR 1 -1
READDIR 1 -2
READDIR 1 -1
READDIR 1 -2
READDIR 1 -1
LOOKUP 1 -2
LOOKUP 1 -1
LOOKUP 1 -2
LOOKUP 1 -1
LOOKUP 1 -2
LOOKUP 1 -1
LOOKUP 1 -2
LOOKUP 1 -1
LOOKUP 1 -2
LOOKUP 1 -1
READDIR 1 -2
READDIR 1 -1
READDIR 1 -2
READDIR 1 -1
READDIR 1 -2
READDIR 1 -1
LOOKUP 1 -2
LOOKUP 1 -1
LOOKUP 1 -2
LOOKUP 1 -1
LOOKUP 1 -2
LOOKUP 1 -1
LOOKUP 1 -2
LOOKUP 1 -1
LOOKUP 1 -2
LOOKUP 1 -1
READDIR 1 -2
READDIR 1 -1
READDIR 1 -2
READDIR 1 -1
READDIR 1 -2
READDIR 1 -1
LOOKUP 1 -2
LOOKUP 1 -1
LOOKUP 1 -2
LOOKUP 1 -1
LOOKUP 1 -2
LOOKUP 1 -1
LOOKUP 1 -2
LOOKUP 1 -1
LOOKUP 1 -2
LOOKUP 1 -1
READDIR 1 -2
READDIR 1 -1
READDIR 1 -2
READDIR 1 -1
READDIR 1 -2
READDIR 1 -1
LOOKUP 1 -2
LOOKUP 1 -1
LOOKUP 1 -2
LOOKUP 1 -1
LOOKUP 1 -2
LOOKUP 1 -1
LOOKUP 1 -2
LOOKUP 1 -1
LOOKUP 1 -2
LOOKUP 1 -1
READDIR 1 -2
READDIR 1 -1
READDIR 1 -2
READDIR 1 -1
READDIR 1 -2
READDIR 1 -1
LOOKUP 1 -2
LOOKUP 1 -1
LOOKUP 1 -2
LOOKUP 1 -1
LOOKUP 1 -2
LOOKUP 1 -1
LOOKUP 1 -2
LOOKUP 1 -1
LOOKUP 1 -2
LOOKUP 1 -1
READDIR 1 -2
READDIR 1 -1
READDIR 1 -2
READDIR 1 -1
READDIR 1 -2
READDIR 1 -1
LOOKUP 1 -2
LOOKUP 1 -1
LOOKUP 1 -2
LOOKUP 1 -1
LOOKUP 1 -2
LOOKUP 1 -1
LOOKUP 1 -2
LOOKUP 1 -1
LOOKUP 1 -2
LOOKUP 1 -1
READDIR 1 -2
READDIR 1 -1
READDIR 1 -2
READDIR 1 -1
READDIR 1 -2
READDIR 1 -1
LOOKUP 1 -2
LOOKUP 1 -1
LOOKUP 1 -2
LOOKUP 1 -1
LOOKUP 1 -2
LOOKUP 1 -1
LOOKUP 1 -2
LOOKUP 1 -1
LOOKUP 1 -2
LOOKUP 1 -1
READDIR 1 -2
READDIR 1 -1
READDIR 1 -2
READDIR 1 -1
READDIR 1 -2
READDIR 1 -1
LOOKUP 1 -2
LOOKUP 1 -1
LOOKUP 1 -2
LOOKUP 1 -1
LOOKUP 1 -2
LOOKUP 1 -1
LOOKUP 1 -2
LOOKUP 1 -1
LOOKUP 1 -2
LOOKUP 1 -1
READDIR 1 -2
READDIR 1 -1
READDIR 1 -2
READDIR 1 -1
READDIR 1 -2
READDIR 1 -1
LOOKUP 1 -2
LOOKUP 1 -1
LOOKUP 1 -2
LOOKUP 1 -1
LOOKUP 1 -2
LOOKUP 1 -1
LOOKUP 1 -2
LOOKUP 1 -1
LOOKUP 1 -2
LOOKUP 1 -1
READDIR 1 -2
READDIR 1 -1
LOOKUP 1 -2
LOOKUP 1 -1
LOOKUP 1 -2
LOOKUP 1 -1
LOOKUP 10 -2
LOOKUP 10 -1
LOOKUP 1 -2
LOOKUP 1 -1
LOOKUP 10 -2
LOOKUP 10 -1
READ 15 -2
READ 15 -1
LOOKUP 1 -2
LOOKUP 1 -1
LOOKUP 10 -2
LOOKUP 10 -1
LOOKUP 1 -2
LOOKUP 1 -1
LOOKUP 10 -2
LOOKUP 10 -1
READ 11 -2
READ 11 -1
LOOKUP 1 -2
LOOKUP 1 -1
LOOKUP 10 -2
LOOKUP 10 -1
LOOKUP 1 -2
LOOKUP 1 -1
LOOKUP 10 -2
LOOKUP 10 -1
LOOKUP 1 -2
LOOKUP 1 -1
LOOKUP 10 -2
LOOKUP 10 -1
READ 14 -2
READ 14 -1
LOOKUP 1 -2
LOOKUP 1 -1
LOOKUP 10 -2
LOOKUP 10 -1
LOOKUP 1 -2
LOOKUP 1 -1
LOOKUP 10 -2
LOOKUP 10 -1
LOOKUP 1 -2
LOOKUP 1 -1
LOOKUP 10 -2
LOOKUP 10 -1
LOOKUP 1 -2
LOOKUP 1 -1
LOOKUP 10 -2
LOOKUP 10 -1
UNLINK 10 -2
old 10 10 file013177
UNLINK 10 -1
